-------------------------------------------------------------------------------
Test set: org.factoriaf5.MainTest
-------------------------------------------------------------------------------
Tests run: 1, Failures: 1, Errors: 0, Skipped: 0, Time elapsed: 0.054 s <<< FAILURE! - in org.factoriaf5.MainTest
testFindAndRemoveComputer(org.factoriaf5.MainTest)  Time elapsed: 0.015 s  <<< FAILURE!
java.lang.AssertionError: Expected to find 'Dell' in the output
	at org.factoriaf5.MainTest.testFindAndRemoveComputer(MainTest.java:43)

